-------------------------------------------------------------------------------
Test set: teste.TestComercial
-------------------------------------------------------------------------------
Tests run: 1, Failures: 0, Errors: 1, Skipped: 0, Time elapsed: 210.6 s <<< FAILURE! -- in teste.TestComercial
teste.TestComercial.acessarTelaCadastroProposta -- Time elapsed: 210.6 s <<< ERROR!
java.lang.RuntimeException: Teste falhou
	at teste.TestComercial.acessarTelaCadastroProposta(TestComercial.java:237)
	at java.base/java.lang.reflect.Method.invoke(Method.java:580)
	at java.base/java.util.ArrayList.forEach(ArrayList.java:1596)
	at java.base/java.util.ArrayList.forEach(ArrayList.java:1596)
Caused by: java.lang.RuntimeException: Falha ao confirmar geração de pedido
	at lessa.pages.ComercialPage.confirmarGeracaoPedido(ComercialPage.java:2431)
	at teste.TestComercial.acessarTelaCadastroProposta(TestComercial.java:208)
	... 3 more
Caused by: java.lang.RuntimeException: Popup de decisão não apareceu após autorização
	at lessa.pages.ComercialPage.confirmarGeracaoPedido(ComercialPage.java:2411)
	... 4 more

