<?xml version="1.0" encoding="UTF-8"?>
<testsuite xmlns:xsi="http://www.w3.org/2001/XMLSchema-instance" xsi:noNamespaceSchemaLocation="https://maven.apache.org/surefire/maven-surefire-plugin/xsd/surefire-test-report-3.0.xsd" version="3.0" name="teste.TestComercial" time="210.617" tests="1" errors="1" skipped="0" failures="0">
  <properties>
[...]
</properties>
  <testcase name="acessarTelaCadastroProposta" classname="teste.TestComercial" time="210.57">
    <error message="Teste falhou" type="java.lang.RuntimeException"><![CDATA[java.lang.RuntimeException: Teste falhou
	at teste.TestComercial.acessarTelaCadastroProposta(TestComercial.java:237)
	at java.base/java.lang.reflect.Method.invoke(Method.java:580)
	at java.base/java.util.ArrayList.forEach(ArrayList.java:1596)
	at java.base/java.util.ArrayList.forEach(ArrayList.java:1596)
Caused by: java.lang.RuntimeException: Falha ao confirmar geração de pedido
	at lessa.pages.ComercialPage.confirmarGeracaoPedido(ComercialPage.java:2431)
	at teste.TestComercial.acessarTelaCadastroProposta(TestComercial.java:208)
	... 3 more
Caused by: java.lang.RuntimeException: Popup de decisão não apareceu após autorização
	at lessa.pages.ComercialPage.confirmarGeracaoPedido(ComercialPage.java:2411)
	... 4 more
]]></error>
    <system-err><![CDATA[[main] INFO teste.TestComercial - Iniciando setup do teste
[main] INFO lessa.pages.ComercialPage - ComercialPage inicializada
[main] INFO teste.TestComercial - Setup concluído
[main] INFO teste.TestComercial - === Iniciando teste: acessarTelaCadastroProposta ===
[main] INFO teste.TestComercial - ╔═══════════════════════════════════════╗
[main] INFO teste.TestComercial - ║  ETAPA 1: Realizando LOGIN            ║
[main] INFO teste.TestComercial - ╚═══════════════════════════════════════╝
[main] INFO lessa.pages.ComercialPage - Acessando URL: http://www.fluxis.com.br:8083/fluxis/login.do
[main] INFO lessa.pages.ComercialPage - Aguardando página de login carregar
[main] INFO lessa.pages.ComercialPage - Preenchendo usuário: alexandre.lessa@celer.matriz
[main] INFO lessa.pages.ComercialPage - Preenchendo senha
[main] INFO lessa.pages.ComercialPage - Clicando em Entrar
[main] INFO lessa.pages.ComercialPage - Aguardando login ser processado
[main] INFO lessa.pages.ComercialPage - URL após login: http://www.fluxis.com.br:8083/fluxis/main.do
[main] INFO lessa.pages.ComercialPage - ✓ Login realizado com sucesso!
[main] INFO teste.TestComercial - ✓ Login OK

[main] INFO teste.TestComercial - ╔═══════════════════════════════════════╗
[main] INFO teste.TestComercial - ║  ETAPA 2: Acessando cadastro          ║
[main] INFO teste.TestComercial - ╚═══════════════════════════════════════╝
[main] INFO lessa.pages.ComercialPage - === Iniciando navegação no menu hierárquico ===
[main] INFO lessa.pages.ComercialPage - PASSO 1: Abrindo menu Comercial
[main] INFO lessa.pages.ComercialPage - ✓ Menu Comercial aberto
[main] INFO lessa.pages.ComercialPage - PASSO 2: Abrindo submenu Proposta
[main] INFO lessa.pages.ComercialPage - ✓ Submenu Proposta aberto
[main] INFO lessa.pages.ComercialPage - PASSO 3: Clicando em Cadastro
[main] INFO lessa.pages.ComercialPage - ✓ Cadastro clicado
[main] INFO lessa.pages.ComercialPage - PASSO 4: Aguardando tela de cadastro carregar
[main] INFO lessa.pages.ComercialPage - ✓ Detectado: Sistema carregou em IFRAME dinâmico
[main] INFO lessa.pages.ComercialPage - ========================================
[main] INFO lessa.pages.ComercialPage - Iniciando busca por iframes aninhados...
[main] INFO lessa.pages.ComercialPage - ========================================
[main] INFO lessa.pages.ComercialPage - ✓ Voltou para contexto principal (defaultContent)
[main] INFO lessa.pages.ComercialPage - Total de iframes no nível raiz: 1
[main] INFO lessa.pages.ComercialPage - Iframe [0] - src: http://www.fluxis.com.br:8083/fluxis/proposta.do, id: window_1768239379806_content, name: window_1768239379806_content
[main] INFO lessa.pages.ComercialPage - ✓ Iframe 'proposta.do' encontrado no nível raiz!
[main] INFO lessa.pages.ComercialPage - Entrando no iframe 'proposta.do'...
[main] INFO lessa.pages.ComercialPage - ✓ Dentro do iframe 'proposta.do'
[main] INFO lessa.pages.ComercialPage - Aguardando conteúdo do iframe carregar...
[main] INFO lessa.pages.ComercialPage - ✓ Total de campos <input> no iframe: 159
[main] INFO lessa.pages.ComercialPage - ✓ Conteúdo do iframe validado
[main] INFO lessa.pages.ComercialPage - Validando presença do campo 'prazoDias'...
[main] INFO lessa.pages.ComercialPage - ✓✓✓ CAMPO 'prazoDias' ENCONTRADO E PRONTO! ✓✓✓
[main] INFO lessa.pages.ComercialPage - ========================================
[main] INFO lessa.pages.ComercialPage - ✓ Iframe configurado com sucesso!
[main] INFO lessa.pages.ComercialPage - ========================================
[main] INFO lessa.pages.ComercialPage - Aguardando campo 'prazoDias' estar disponível...
[main] INFO lessa.pages.ComercialPage - ✓ Tela de cadastro carregada com sucesso
[main] INFO lessa.pages.ComercialPage - ✓ Tela de cadastro acessada com sucesso
[main] INFO teste.TestComercial - ✓ Tela acessada

[main] INFO teste.TestComercial - ╔═══════════════════════════════════════╗
[main] INFO teste.TestComercial - ║  ETAPA 3: Preenchendo prazo           ║
[main] INFO teste.TestComercial - ╚═══════════════════════════════════════╝
[main] INFO lessa.pages.ComercialPage - Preenchendo prazo: 15 dias
[main] INFO lessa.pages.ComercialPage - ✓ Prazo preenchido com sucesso
[main] INFO teste.TestComercial - ✓ Prazo OK

[main] INFO teste.TestComercial - ╔═══════════════════════════════════════╗
[main] INFO teste.TestComercial - ║  ETAPA 4: Selecionando cliente        ║
[main] INFO teste.TestComercial - ╚═══════════════════════════════════════╝
[main] INFO lessa.pages.ComercialPage - Selecionando cliente
[main] INFO lessa.utils.AutocompleteHelper - Iniciando seleção de autocomplete
[main] INFO lessa.utils.AutocompleteHelper - Tentando selecionar opção com onclick: 'Autocomplete.instances[1].select(0);'
[main] INFO lessa.utils.AutocompleteHelper - ✓ Seleção via JavaScript executada
[main] INFO lessa.utils.AutocompleteHelper - Disparando eventos para carregar dados adicionais
[main] INFO lessa.utils.AutocompleteHelper - Eventos disparados com sucesso
[main] INFO lessa.utils.AutocompleteHelper - Aguardando carregamento de dados via AJAX (2000 ms)
[main] INFO lessa.utils.AutocompleteHelper - ✓ Validação OK: Campo preenchido corretamente com '20.746.370/0001-80 - DESTOM INDUSTRIA E COMERCIO IMPORTACAO E EXPORTACAO LTDA'
[main] INFO lessa.utils.AutocompleteHelper - Seleção de autocomplete concluída com sucesso
[main] INFO lessa.pages.ComercialPage - ✓ Cliente selecionado
[main] INFO teste.TestComercial - ✓ Cliente OK

[main] INFO teste.TestComercial - ╔═══════════════════════════════════════╗
[main] INFO teste.TestComercial - ║  ETAPA 5: Selecionando vendedor       ║
[main] INFO teste.TestComercial - ╚═══════════════════════════════════════╝
[main] INFO lessa.pages.ComercialPage - Selecionando vendedor
[main] INFO lessa.utils.AutocompleteHelper - Iniciando seleção de autocomplete
[main] INFO lessa.utils.AutocompleteHelper - Tentando selecionar opção com onclick: 'Autocomplete.instances[5].select(0);'
[main] INFO lessa.utils.AutocompleteHelper - ✓ Seleção via JavaScript executada
[main] INFO lessa.utils.AutocompleteHelper - Campo de vendedor detectado - blur será evitado
[main] INFO lessa.utils.AutocompleteHelper - Evento blur não será disparado para evitar limpeza do campo
[main] INFO lessa.utils.AutocompleteHelper - ✓ Validação OK: Campo preenchido corretamente com 'Alexandre Lessa (Fluxis)'
[main] INFO lessa.utils.AutocompleteHelper - Seleção de autocomplete concluída com sucesso
[main] INFO lessa.pages.ComercialPage - ✓ Vendedor selecionado
[main] INFO teste.TestComercial - ✓ Vendedor OK

[main] INFO teste.TestComercial - ╔═══════════════════════════════════════╗
[main] INFO teste.TestComercial - ║  ETAPA 6: Selecionando utilização     ║
[main] INFO teste.TestComercial - ╚═══════════════════════════════════════╝
[main] INFO lessa.pages.ComercialPage - Selecionando utilização: Venda de produto/mercadoria
[main] INFO lessa.utils.Select2Helper - Iniciando seleção Select2
[main] INFO lessa.utils.Select2Helper - ✓ Validação OK: Select2 exibindo 'Venda de produto/mercadoria'
[main] INFO lessa.utils.Select2Helper - Seleção Select2 concluída com sucesso
[main] INFO lessa.pages.ComercialPage - ✓ Utilização selecionada
[main] INFO teste.TestComercial - ✓ Utilização OK

[main] INFO teste.TestComercial - ╔═══════════════════════════════════════╗
[main] INFO teste.TestComercial - ║  ETAPA 7: Selecionando operação       ║
[main] INFO teste.TestComercial - ╚═══════════════════════════════════════╝
[main] INFO lessa.pages.ComercialPage - Selecionando operação: Consumidor final
[main] INFO lessa.utils.Select2Helper - Iniciando seleção Select2
[main] INFO lessa.utils.Select2Helper - ✓ Validação OK: Select2 exibindo 'Consumidor final'
[main] INFO lessa.utils.Select2Helper - Seleção Select2 concluída com sucesso
[main] INFO lessa.pages.ComercialPage - ✓ Operação selecionada
[main] INFO teste.TestComercial - ✓ Operação OK

[main] INFO teste.TestComercial - ╔═══════════════════════════════════════╗
[main] INFO teste.TestComercial - ║  ETAPA 8: Selecionando tabela         ║
[main] INFO teste.TestComercial - ╚═══════════════════════════════════════╝
[main] INFO lessa.pages.ComercialPage - Selecionando tabela preco: TABELA PADRAO CF - 2025
[main] INFO lessa.utils.Select2Helper - Iniciando seleção Select2
[main] INFO lessa.utils.Select2Helper - ✓ Validação OK: Select2 exibindo 'TABELA PADRAO CF - 2025'
[main] INFO lessa.utils.Select2Helper - Seleção Select2 concluída com sucesso
[main] INFO lessa.pages.ComercialPage - ✓ Tabela selecionada
[main] INFO teste.TestComercial - ✓ Tabela OK

[main] INFO teste.TestComercial - ╔═══════════════════════════════════════╗
[main] INFO teste.TestComercial - ║  ETAPA 9: Preenchendo observação      ║
[main] INFO teste.TestComercial - ╚═══════════════════════════════════════╝
[main] INFO lessa.pages.ComercialPage - Preenchendo observacao: Teste automação - 12/01/2026 14:37 texto
[main] INFO lessa.pages.ComercialPage - ✓ Observação preenchida com sucesso
[main] INFO teste.TestComercial - ✓ Observação OK

[main] INFO teste.TestComercial - ╔═══════════════════════════════════════╗
[main] INFO teste.TestComercial - ║  ETAPA 10: Preenchendo observação     ║
[main] INFO teste.TestComercial - ╚═══════════════════════════════════════╝
[main] INFO lessa.pages.ComercialPage - Preenchendo observacao: Testando automação texto
[main] INFO lessa.pages.ComercialPage - ✓ Observação preenchida com sucesso
[main] INFO teste.TestComercial - ✓ Observação OK

[main] INFO teste.TestComercial - ╔═══════════════════════════════════════╗
[main] INFO teste.TestComercial - ║  ETAPA 11: Preenchendo frete          ║
[main] INFO teste.TestComercial - ╚═══════════════════════════════════════╝
[main] INFO lessa.pages.ComercialPage - Preenchendo frete: 150 valor
[main] INFO lessa.pages.ComercialPage - ✓ Frete preenchido com sucesso
[main] INFO teste.TestComercial - ✓ Frete OK

[main] INFO teste.TestComercial - ╔═══════════════════════════════════════╗
[main] INFO teste.TestComercial - ║  ETAPA 12: Salvando proposta          ║
[main] INFO teste.TestComercial - ╚═══════════════════════════════════════╝
[main] INFO lessa.pages.ComercialPage - Clicando em Salvar...
[main] INFO lessa.pages.ComercialPage - ✓ Botão Salvar clicado
[main] INFO lessa.pages.ComercialPage - ✓ Proposta salva com sucesso! Código: 825
[main] INFO teste.TestComercial - ✓ Proposta salva! Código: 825

[main] INFO teste.TestComercial - ╔═══════════════════════════════════════╗
[main] INFO teste.TestComercial - ║  ETAPA 13: Adicionando componente     ║
[main] INFO teste.TestComercial - ╚═══════════════════════════════════════╝
[main] INFO lessa.pages.ComercialPage - Adicionando item: CON00032 | Qtd: 2
[main] INFO lessa.pages.ComercialPage -   → Selecionando componente...
[main] INFO lessa.pages.ComercialPage -   ✓ Componente selecionado
[main] INFO lessa.pages.ComercialPage -   ⏳ Aguardando sistema processar...
[main] INFO lessa.pages.ComercialPage -   → Clicando no campo quantidade para forçar carregamento...
[main] INFO lessa.pages.ComercialPage -   ✓ Campo quantidade clicado
[main] INFO lessa.pages.ComercialPage -   ⏳ Aguardando tabela de preços...
[main] INFO lessa.pages.ComercialPage -   ✓ Tabela carregada
[main] INFO lessa.pages.ComercialPage -   → Preenchendo quantidade...
[main] INFO lessa.pages.ComercialPage -   ✓ Quantidade preenchida
[main] INFO lessa.pages.ComercialPage -   → Clicando em Adicionar...
[main] INFO lessa.pages.ComercialPage -   ✓ Botão clicado
[main] INFO lessa.pages.ComercialPage -   ⏳ Verificando popup de confirmação...
[main] INFO lessa.pages.ComercialPage - ✓ Popup SweetAlert2 detectado:
[main] INFO lessa.pages.ComercialPage -   - Título: 'Informação'
[main] INFO lessa.pages.ComercialPage -   - Mensagem: 'Pronto!'
[main] INFO lessa.pages.ComercialPage - Fechando popup SweetAlert2...
[main] INFO lessa.pages.ComercialPage - ✓ Popup fechado com sucesso
[main] INFO lessa.pages.ComercialPage -   ✓ Popup confirmação fechado
[main] INFO lessa.pages.ComercialPage - ✓ Item adicionado com sucesso

[main] INFO teste.TestComercial - ╔═══════════════════════════════════════╗
[main] INFO teste.TestComercial - ║  ETAPA 14: Adicionando SERVICO        ║
[main] INFO teste.TestComercial - ╚═══════════════════════════════════════╝
[main] INFO lessa.pages.ComercialPage - Adicionando serviço: manutenção | Qtd: 1
[main] INFO lessa.pages.ComercialPage -   ⚠ Não está na aba Serviço, trocando...
[main] INFO lessa.pages.ComercialPage - Clicando na aba Serviço...
[main] INFO lessa.pages.ComercialPage - ✓ Aba Serviço ativada
[main] INFO lessa.pages.ComercialPage -   → Selecionando serviço...
[main] INFO lessa.pages.ComercialPage -   ✓ Serviço selecionado
[main] INFO lessa.pages.ComercialPage -   ⏳ Aguardando sistema processar...
[main] INFO lessa.pages.ComercialPage -   → Preenchendo quantidade...
[main] INFO lessa.pages.ComercialPage -   ✓ Quantidade preenchida
[main] INFO lessa.pages.ComercialPage -   → Preenchendo preço...
[main] INFO lessa.pages.ComercialPage -   ✓ Preço preenchido
[main] INFO lessa.pages.ComercialPage -   → Clicando em Adicionar...
[main] INFO lessa.pages.ComercialPage -   ✓ Botão clicado
[main] INFO lessa.pages.ComercialPage -   ⏳ Verificando popup de confirmação...
[main] INFO lessa.pages.ComercialPage - ✓ Serviço adicionado com sucesso

[main] INFO teste.TestComercial - ╔═══════════════════════════════════════╗
[main] INFO teste.TestComercial - ║  ETAPA 15: Adicionando CONDIÇÃO       ║
[main] INFO teste.TestComercial - ╚═══════════════════════════════════════╝
[main] INFO lessa.pages.ComercialPage - Adicionando condição de recebimento:
[main] INFO lessa.pages.ComercialPage -   • Tipo: Boleto
[main] INFO lessa.pages.ComercialPage -   • Conta: BANCO SANTANDER
[main] INFO lessa.pages.ComercialPage -   • Condição: 28 dias
[main] INFO lessa.pages.ComercialPage -   ⚠ Não está na aba Condições, trocando...
[main] INFO lessa.pages.ComercialPage - Clicando na aba Condições...
[main] INFO lessa.pages.ComercialPage - ✓ Aba Condições ativada
[main] INFO lessa.pages.ComercialPage -   → Selecionando tipo de pagamento...
[main] INFO lessa.pages.ComercialPage -   ✓ Tipo de pagamento selecionado
[main] INFO lessa.pages.ComercialPage -   → Selecionando conta corrente...
[main] INFO lessa.pages.ComercialPage -   ✓ Conta corrente selecionada
[main] INFO lessa.pages.ComercialPage -   → Selecionando condição de recebimento...
[main] INFO lessa.pages.ComercialPage -   ✓ Condição de recebimento selecionada
[main] INFO lessa.pages.ComercialPage -   → Clicando em Adicionar...
[main] INFO lessa.pages.ComercialPage -   ✓ Botão clicado
[main] INFO lessa.pages.ComercialPage -   ⏳ Verificando popup de confirmação...
[main] INFO lessa.pages.ComercialPage - ✓ Condição de recebimento adicionada com sucesso

[main] INFO teste.TestComercial - ✓ Condição adicionada OK

[main] INFO teste.TestComercial - ✓ Item adicionado OK

[main] INFO teste.TestComercial - ╔═══════════════════════════════════════╗
[main] INFO teste.TestComercial - ║  ETAPA 16: Autorizar proposta         ║
[main] INFO teste.TestComercial - ╚═══════════════════════════════════════╝
[main] INFO lessa.pages.ComercialPage - Preparando autorização da proposta...
[main] INFO lessa.pages.ComercialPage - ========================================
[main] INFO lessa.pages.ComercialPage - Iniciando busca por iframes aninhados...
[main] INFO lessa.pages.ComercialPage - ========================================
[main] INFO lessa.pages.ComercialPage - ✓ Voltou para contexto principal (defaultContent)
[main] INFO lessa.pages.ComercialPage - Total de iframes no nível raiz: 1
[main] INFO lessa.pages.ComercialPage - Iframe [0] - src: http://www.fluxis.com.br:8083/fluxis/proposta.do, id: window_1768239379806_content, name: window_1768239379806_content
[main] INFO lessa.pages.ComercialPage - ✓ Iframe 'proposta.do' encontrado no nível raiz!
[main] INFO lessa.pages.ComercialPage - Entrando no iframe 'proposta.do'...
[main] INFO lessa.pages.ComercialPage - ✓ Dentro do iframe 'proposta.do'
[main] INFO lessa.pages.ComercialPage - Aguardando conteúdo do iframe carregar...
[main] INFO lessa.pages.ComercialPage - ✓ Total de campos <input> no iframe: 173
[main] INFO lessa.pages.ComercialPage - ✓ Conteúdo do iframe validado
[main] INFO lessa.pages.ComercialPage - Validando presença do campo 'prazoDias'...
[main] INFO lessa.pages.ComercialPage - ✓✓✓ CAMPO 'prazoDias' ENCONTRADO E PRONTO! ✓✓✓
[main] INFO lessa.pages.ComercialPage - ========================================
[main] INFO lessa.pages.ComercialPage - ✓ Iframe configurado com sucesso!
[main] INFO lessa.pages.ComercialPage - ========================================
[main] INFO lessa.pages.ComercialPage - ✓ Contexto configurado para iframe da proposta
[main] INFO lessa.pages.ComercialPage - ✓ Botão Autorizar localizado
[main] INFO lessa.pages.ComercialPage - ✓ Clique executado no botão Autorizar
[main] INFO lessa.pages.ComercialPage - Aguardando abertura da janela de assinatura...
[main] INFO lessa.pages.ComercialPage - ✓ Iframe de assinatura detectado!
[main] INFO lessa.pages.ComercialPage -   - ID: window_1768239480523_content
[main] INFO lessa.pages.ComercialPage -   - Name: window_1768239480523_content
[main] INFO lessa.pages.ComercialPage -   - Src: http://www.fluxis.com.br:8083/fluxis/assinatura.do?entity=825&validade=&validadeDias=15&partner=Alexandre%20Lessa%20(Fluxis)&controllerName=propostaController&methodName=authorize
[main] INFO teste.TestComercial - ✓ Janela de assinatura aberta
[main] INFO lessa.pages.ComercialPage - Preparando para preencher senha...
[main] INFO lessa.pages.ComercialPage - ✓ Voltou para contexto principal
[main] INFO lessa.pages.ComercialPage - ✓ Iframe de assinatura localizado
[main] INFO lessa.pages.ComercialPage -   - ID: window_1768239480523_content
[main] INFO lessa.pages.ComercialPage - ✓ Foco trocado para iframe de assinatura
[main] INFO lessa.pages.ComercialPage - ✓ Campo de senha localizado
[main] INFO lessa.pages.ComercialPage - ✓ Senha preenchida
[main] INFO lessa.pages.ComercialPage - ✓ Botão OK localizado
[main] INFO lessa.pages.ComercialPage - ✓ Botão OK clicado
[main] INFO lessa.pages.ComercialPage - ✓ Voltou ao contexto principal após assinatura
[main] INFO teste.TestComercial - ✓ Senha preenchida e confirmada
[main] INFO lessa.pages.ComercialPage - Aguardando popup de decisão aparecer...
[main] INFO lessa.pages.ComercialPage - ✓ Voltou para contexto principal
[main] ERROR lessa.pages.ComercialPage - ❌ Popup de decisão não foi detectado!
[main] ERROR lessa.pages.ComercialPage - ❌ Erro ao confirmar geração de pedido: Popup de decisão não apareceu após autorização
[main] ERROR lessa.pages.ComercialPage - DEBUG - URL atual: http://www.fluxis.com.br:8083/fluxis/main.do
[main] ERROR lessa.pages.ComercialPage - DEBUG - Título página: Fluxis HMG - v13.17.04
[main] ERROR teste.TestComercial - ❌ TESTE FALHOU: Falha ao confirmar geração de pedido
[main] INFO lessa.pages.ComercialPage - Análise manual do erro
[main] INFO teste.TestComercial - Aguardando antes de fechar o browser (para visualização)
[main] INFO teste.TestComercial - Fechando browser
[main] INFO teste.TestComercial - Teardown concluído
]]></system-err>
  </testcase>
</testsuite>