<?xml version="1.0" encoding="UTF-8"?>
<testsuite xmlns:xsi="http://www.w3.org/2001/XMLSchema-instance" xsi:noNamespaceSchemaLocation="https://maven.apache.org/surefire/maven-surefire-plugin/xsd/surefire-test-report-3.0.xsd" version="3.0" name="teste.TestComercial" time="62.557" tests="1" errors="0" skipped="0" failures="0">
  <properties>
[...]
</properties>
  <testcase name="acessarTelaCadastroProposta" classname="teste.TestComercial" time="62.518">
    <system-err><![CDATA[[main] INFO teste.TestComercial - Iniciando setup do teste
[main] INFO lessa.pages.ComercialPage - ComercialPage inicializada
[main] INFO teste.TestComercial - Setup concluído
[main] INFO teste.TestComercial - === Iniciando teste: acessarTelaCadastroProposta ===
[main] INFO teste.TestComercial - ╔═══════════════════════════════════════╗
[main] INFO teste.TestComercial - ║  ETAPA 1: Realizando LOGIN           ║
[main] INFO teste.TestComercial - ╚═══════════════════════════════════════╝
[main] INFO lessa.pages.ComercialPage - Acessando URL: http://www.fluxis.com.br:8083/fluxis/login.do
[main] INFO lessa.pages.ComercialPage - Aguardando página de login carregar
[main] INFO lessa.pages.ComercialPage - Preenchendo usuário: alexandre.lessa@celer.matriz
[main] INFO lessa.pages.ComercialPage - Preenchendo senha
[main] INFO lessa.pages.ComercialPage - Clicando em Entrar
[main] INFO lessa.pages.ComercialPage - Aguardando login ser processado
[main] INFO lessa.pages.ComercialPage - URL após login: http://www.fluxis.com.br:8083/fluxis/main.do
[main] INFO lessa.pages.ComercialPage - ✓ Login realizado com sucesso!
[main] INFO teste.TestComercial - ✓ Login OK

[main] INFO teste.TestComercial - ╔═══════════════════════════════════════╗
[main] INFO teste.TestComercial - ║  ETAPA 2: Acessando cadastro         ║
[main] INFO teste.TestComercial - ╚═══════════════════════════════════════╝
[main] INFO lessa.pages.ComercialPage - === Iniciando navegação no menu hierárquico ===
[main] INFO lessa.pages.ComercialPage - PASSO 1: Abrindo menu Comercial
[main] INFO lessa.pages.ComercialPage - ✓ Menu Comercial aberto
[main] INFO lessa.pages.ComercialPage - PASSO 2: Abrindo submenu Proposta
[main] INFO lessa.pages.ComercialPage - ✓ Submenu Proposta aberto
[main] INFO lessa.pages.ComercialPage - PASSO 3: Clicando em Cadastro
[main] INFO lessa.pages.ComercialPage - ✓ Cadastro clicado
[main] INFO lessa.pages.ComercialPage - PASSO 4: Aguardando tela de cadastro carregar
[main] INFO lessa.pages.ComercialPage - ✓ Detectado: Sistema carregou em IFRAME dinâmico
[main] INFO lessa.pages.ComercialPage - ========================================
[main] INFO lessa.pages.ComercialPage - Iniciando busca por iframes aninhados...
[main] INFO lessa.pages.ComercialPage - ========================================
[main] INFO lessa.pages.ComercialPage - ✓ Voltou para contexto principal (defaultContent)
[main] INFO lessa.pages.ComercialPage - Total de iframes no nível raiz: 1
[main] INFO lessa.pages.ComercialPage - Iframe [0] - src: http://www.fluxis.com.br:8083/fluxis/proposta.do, id: window_1763576688538_content, name: window_1763576688538_content
[main] INFO lessa.pages.ComercialPage - ✓ Iframe 'proposta.do' encontrado no nível raiz!
[main] INFO lessa.pages.ComercialPage - Entrando no iframe 'proposta.do'...
[main] INFO lessa.pages.ComercialPage - ✓ Dentro do iframe 'proposta.do'
[main] INFO lessa.pages.ComercialPage - Aguardando conteúdo do iframe carregar...
[main] INFO lessa.pages.ComercialPage - ✓ Total de campos <input> no iframe: 159
[main] INFO lessa.pages.ComercialPage - ✓ Conteúdo do iframe validado
[main] INFO lessa.pages.ComercialPage - Validando presença do campo 'prazoDias'...
[main] INFO lessa.pages.ComercialPage - ✓✓✓ CAMPO 'prazoDias' ENCONTRADO E PRONTO! ✓✓✓
[main] INFO lessa.pages.ComercialPage - ========================================
[main] INFO lessa.pages.ComercialPage - ✓ Iframe configurado com sucesso!
[main] INFO lessa.pages.ComercialPage - ========================================
[main] INFO lessa.pages.ComercialPage - Aguardando campo 'prazoDias' estar disponível...
[main] INFO lessa.pages.ComercialPage - ✓ Tela de cadastro carregada com sucesso
[main] INFO lessa.pages.ComercialPage - ✓ Tela de cadastro acessada com sucesso
[main] INFO teste.TestComercial - ✓ Tela acessada

[main] INFO teste.TestComercial - ╔═══════════════════════════════════════╗
[main] INFO teste.TestComercial - ║  ETAPA 3: Preenchendo prazo          ║
[main] INFO teste.TestComercial - ╚═══════════════════════════════════════╝
[main] INFO lessa.pages.ComercialPage - Preenchendo prazo: 15 dias
[main] INFO lessa.pages.ComercialPage - ✓ Prazo preenchido com sucesso
[main] INFO teste.TestComercial - ✓ Prazo OK

[main] INFO teste.TestComercial - ╔═══════════════════════════════════════╗
[main] INFO teste.TestComercial - ║  ETAPA 4: Selecionando cliente       ║
[main] INFO teste.TestComercial - ╚═══════════════════════════════════════╝
[main] INFO lessa.pages.ComercialPage - Selecionando cliente
[main] INFO lessa.utils.AutocompleteHelper - Iniciando seleção de autocomplete
[main] INFO lessa.utils.AutocompleteHelper - Tentando selecionar opção com onclick: 'Autocomplete.instances[0].select(0);'
[main] INFO lessa.utils.AutocompleteHelper - ✓ Seleção via JavaScript executada
[main] INFO lessa.utils.AutocompleteHelper - Disparando eventos para carregar dados adicionais
[main] INFO lessa.utils.AutocompleteHelper - Eventos disparados com sucesso
[main] INFO lessa.utils.AutocompleteHelper - Aguardando carregamento de dados via AJAX (2000 ms)
[main] INFO lessa.utils.AutocompleteHelper - ✓ Validação OK: Campo preenchido corretamente com '20.746.370/0001-80 - DESTOM INDUSTRIA E COMERCIO IMPORTACAO E EXPORTACAO LTDA'
[main] INFO lessa.utils.AutocompleteHelper - Seleção de autocomplete concluída com sucesso
[main] INFO lessa.pages.ComercialPage - ✓ Cliente selecionado
[main] INFO teste.TestComercial - ✓ Cliente OK

[main] INFO teste.TestComercial - ╔═══════════════════════════════════════╗
[main] INFO teste.TestComercial - ║  ETAPA 5: Selecionando vendedor      ║
[main] INFO teste.TestComercial - ╚═══════════════════════════════════════╝
[main] INFO lessa.pages.ComercialPage - Selecionando vendedor
[main] INFO lessa.utils.AutocompleteHelper - Iniciando seleção de autocomplete
[main] INFO lessa.utils.AutocompleteHelper - Tentando selecionar opção com onclick: 'Autocomplete.instances[4].select(0);'
[main] INFO lessa.utils.AutocompleteHelper - ✓ Seleção via JavaScript executada
[main] INFO lessa.utils.AutocompleteHelper - Campo de vendedor detectado - blur será evitado
[main] INFO lessa.utils.AutocompleteHelper - Evento blur não será disparado para evitar limpeza do campo
[main] INFO lessa.utils.AutocompleteHelper - ✓ Validação OK: Campo preenchido corretamente com 'Alexandre Lessa (Fluxis)'
[main] INFO lessa.utils.AutocompleteHelper - Seleção de autocomplete concluída com sucesso
[main] INFO lessa.pages.ComercialPage - ✓ Vendedor selecionado
[main] INFO teste.TestComercial - ✓ Vendedor OK

[main] INFO teste.TestComercial - ╔═══════════════════════════════════════╗
[main] INFO teste.TestComercial - ║  ETAPA 6: Selecionando utilização    ║
[main] INFO teste.TestComercial - ╚═══════════════════════════════════════╝
[main] INFO lessa.pages.ComercialPage - Selecionando utilização: Venda de produto/mercadoria
[main] INFO lessa.utils.Select2Helper - Iniciando seleção Select2
[main] INFO lessa.utils.Select2Helper - ✓ Validação OK: Select2 exibindo 'Venda de produto/mercadoria'
[main] INFO lessa.utils.Select2Helper - Seleção Select2 concluída com sucesso
[main] INFO lessa.pages.ComercialPage - ✓ Utilização selecionada
[main] INFO teste.TestComercial - ✓ Utilização OK

[main] INFO teste.TestComercial - ╔═══════════════════════════════════════╗
[main] INFO teste.TestComercial - ║  ETAPA 7: Selecionando operação      ║
[main] INFO teste.TestComercial - ╚═══════════════════════════════════════╝
[main] INFO lessa.pages.ComercialPage - Selecionando operação: Consumidor final
[main] INFO lessa.utils.Select2Helper - Iniciando seleção Select2
[main] INFO lessa.utils.Select2Helper - ✓ Validação OK: Select2 exibindo 'Consumidor final'
[main] INFO lessa.utils.Select2Helper - Seleção Select2 concluída com sucesso
[main] INFO lessa.pages.ComercialPage - ✓ Operação selecionada
[main] INFO teste.TestComercial - ✓ Operação OK

[main] INFO teste.TestComercial - ╔═══════════════════════════════════════╗
[main] INFO teste.TestComercial - ║  ✅✅✅ TESTE CONCLUÍDO ✅✅✅         ║
[main] INFO teste.TestComercial - ╚═══════════════════════════════════════╝
[main] INFO lessa.pages.ComercialPage - Visualizando resultado
[main] INFO teste.TestComercial - Aguardando antes de fechar o browser (para visualização)
[main] INFO teste.TestComercial - Fechando browser
[main] INFO teste.TestComercial - Teardown concluído
]]></system-err>
  </testcase>
</testsuite>